{"/Users/overkazaf/Desktop/codes/git/playGround/IntelliForm/gulpfile.js":{"path":"/Users/overkazaf/Desktop/codes/git/playGround/IntelliForm/gulpfile.js","s":{"1":1,"2":1,"3":1,"4":1,"5":1,"6":1,"7":1,"8":0,"9":1,"10":4,"11":0,"12":0,"13":0,"14":0,"15":0,"16":0,"17":0,"18":0,"19":0,"20":0,"21":1,"22":0,"23":1,"24":1,"25":1,"26":1,"27":1,"28":1,"29":1,"30":1,"31":1,"32":0,"33":0,"34":0,"35":0,"36":0,"37":0,"38":1,"39":1,"40":0,"41":0,"42":0,"43":0,"44":0},"b":{"1":[0,0]},"f":{"1":0,"2":4,"3":0,"4":0,"5":0,"6":0,"7":0,"8":0,"9":0},"fnMap":{"1":{"name":"(anonymous_1)","line":8,"loc":{"start":{"line":8,"column":53},"end":{"line":8,"column":64}}},"2":{"name":"genDefered","line":12,"loc":{"start":{"line":12,"column":0},"end":{"line":12,"column":35}}},"3":{"name":"(anonymous_3)","line":13,"loc":{"start":{"line":13,"column":8},"end":{"line":13,"column":19}}},"4":{"name":"(anonymous_4)","line":16,"loc":{"start":{"line":16,"column":25},"end":{"line":16,"column":54}}},"5":{"name":"(anonymous_5)","line":33,"loc":{"start":{"line":33,"column":13},"end":{"line":33,"column":24}}},"6":{"name":"(anonymous_6)","line":46,"loc":{"start":{"line":46,"column":18},"end":{"line":46,"column":29}}},"7":{"name":"(anonymous_7)","line":49,"loc":{"start":{"line":49,"column":12},"end":{"line":49,"column":23}}},"8":{"name":"(anonymous_8)","line":59,"loc":{"start":{"line":59,"column":19},"end":{"line":59,"column":30}}},"9":{"name":"(anonymous_9)","line":61,"loc":{"start":{"line":61,"column":27},"end":{"line":61,"column":38}}}},"statementMap":{"1":{"start":{"line":1,"column":0},"end":{"line":1,"column":29}},"2":{"start":{"line":2,"column":0},"end":{"line":2,"column":36}},"3":{"start":{"line":3,"column":0},"end":{"line":3,"column":21}},"4":{"start":{"line":4,"column":0},"end":{"line":4,"column":29}},"5":{"start":{"line":5,"column":0},"end":{"line":5,"column":23}},"6":{"start":{"line":6,"column":0},"end":{"line":6,"column":45}},"7":{"start":{"line":8,"column":0},"end":{"line":10,"column":3}},"8":{"start":{"line":9,"column":1},"end":{"line":9,"column":44}},"9":{"start":{"line":12,"column":0},"end":{"line":31,"column":1}},"10":{"start":{"line":13,"column":1},"end":{"line":30,"column":2}},"11":{"start":{"line":15,"column":2},"end":{"line":15,"column":28}},"12":{"start":{"line":16,"column":2},"end":{"line":25,"column":5}},"13":{"start":{"line":17,"column":3},"end":{"line":21,"column":4}},"14":{"start":{"line":18,"column":4},"end":{"line":18,"column":21}},"15":{"start":{"line":19,"column":4},"end":{"line":19,"column":27}},"16":{"start":{"line":20,"column":4},"end":{"line":20,"column":14}},"17":{"start":{"line":23,"column":3},"end":{"line":23,"column":53}},"18":{"start":{"line":24,"column":3},"end":{"line":24,"column":29}},"19":{"start":{"line":27,"column":2},"end":{"line":27,"column":35}},"20":{"start":{"line":29,"column":2},"end":{"line":29,"column":25}},"21":{"start":{"line":33,"column":0},"end":{"line":33,"column":40}},"22":{"start":{"line":33,"column":26},"end":{"line":33,"column":38}},"23":{"start":{"line":34,"column":0},"end":{"line":34,"column":75}},"24":{"start":{"line":35,"column":0},"end":{"line":35,"column":30}},"25":{"start":{"line":36,"column":0},"end":{"line":36,"column":51}},"26":{"start":{"line":37,"column":0},"end":{"line":37,"column":51}},"27":{"start":{"line":39,"column":0},"end":{"line":39,"column":42}},"28":{"start":{"line":40,"column":0},"end":{"line":40,"column":40}},"29":{"start":{"line":42,"column":0},"end":{"line":42,"column":30}},"30":{"start":{"line":43,"column":0},"end":{"line":43,"column":59}},"31":{"start":{"line":46,"column":0},"end":{"line":56,"column":3}},"32":{"start":{"line":47,"column":1},"end":{"line":47,"column":27}},"33":{"start":{"line":49,"column":1},"end":{"line":53,"column":11}},"34":{"start":{"line":50,"column":2},"end":{"line":50,"column":32}},"35":{"start":{"line":51,"column":2},"end":{"line":51,"column":52}},"36":{"start":{"line":52,"column":2},"end":{"line":52,"column":20}},"37":{"start":{"line":55,"column":1},"end":{"line":55,"column":24}},"38":{"start":{"line":57,"column":0},"end":{"line":57,"column":59}},"39":{"start":{"line":59,"column":0},"end":{"line":67,"column":3}},"40":{"start":{"line":60,"column":1},"end":{"line":60,"column":21}},"41":{"start":{"line":61,"column":1},"end":{"line":64,"column":4}},"42":{"start":{"line":62,"column":2},"end":{"line":62,"column":53}},"43":{"start":{"line":63,"column":2},"end":{"line":63,"column":14}},"44":{"start":{"line":66,"column":1},"end":{"line":66,"column":18}}},"branchMap":{"1":{"line":17,"type":"if","locations":[{"start":{"line":17,"column":3},"end":{"line":17,"column":3}},{"start":{"line":17,"column":3},"end":{"line":17,"column":3}}]}}}}