TN:
SF:/Users/overkazaf/Desktop/codes/git/playGround/IntelliForm/gulpfile.js
FN:8,(anonymous_1)
FN:12,genDefered
FN:13,(anonymous_3)
FN:16,(anonymous_4)
FN:33,(anonymous_5)
FN:46,(anonymous_6)
FN:49,(anonymous_7)
FN:59,(anonymous_8)
FN:61,(anonymous_9)
FNF:9
FNH:1
FNDA:0,(anonymous_1)
FNDA:4,genDefered
FNDA:0,(anonymous_3)
FNDA:0,(anonymous_4)
FNDA:0,(anonymous_5)
FNDA:0,(anonymous_6)
FNDA:0,(anonymous_7)
FNDA:0,(anonymous_8)
FNDA:0,(anonymous_9)
DA:1,1
DA:2,1
DA:3,1
DA:4,1
DA:5,1
DA:6,1
DA:8,1
DA:9,0
DA:12,1
DA:13,4
DA:15,0
DA:16,0
DA:17,0
DA:18,0
DA:19,0
DA:20,0
DA:23,0
DA:24,0
DA:27,0
DA:29,0
DA:33,1
DA:34,1
DA:35,1
DA:36,1
DA:37,1
DA:39,1
DA:40,1
DA:42,1
DA:43,1
DA:46,1
DA:47,0
DA:49,0
DA:50,0
DA:51,0
DA:52,0
DA:55,0
DA:57,1
DA:59,1
DA:60,0
DA:61,0
DA:62,0
DA:63,0
DA:66,0
LF:43
LH:21
BRDA:17,1,0,0
BRDA:17,1,1,0
BRF:2
BRH:0
end_of_record
